---
driver=<class 'textual.drivers.linux_driver.LinuxDriver'>
Load() >>> CliNews(title='Textual')
Mount() >>> CliNews(title='Textual Application')
Mount() >>> DockView(name='DockView#1')
Mount() >>> View(name='View#1')
Mount() >>> ScrollView(name='ScrollView#1')
Mount() >>> ScrollView(name='ScrollView#1')
Mount() >>> ScrollView(name='ScrollView#2')
Mount() >>> ScrollView(name='ScrollView#2')
Mount() >>> WindowView(name='WindowView#1')
Mount() >>> WindowView(name='WindowView#2')
WindowChange(WindowView(name='WindowView#2')) >>> ScrollView(name='ScrollView#2')
WindowChange(WindowView(name='WindowView#2')) >>> ScrollView(name='ScrollView#2')
WindowChange(WindowView(name='WindowView#1')) >>> ScrollView(name='ScrollView#1')
WindowChange(WindowView(name='WindowView#2')) >>> ScrollView(name='ScrollView#2')
Enter() >>> Feed(name='Feed#1')
WindowChange(WindowView(name='WindowView#2')) >>> ScrollView(name='ScrollView#2')
Leave() >>> Feed(name='Feed#1')
Enter() >>> Feed(name='Feed#1')
Leave() >>> Feed(name='Feed#1')
Enter() >>> ScrollBar(virtual_size=231, window_size=20, position=0)
Leave() >>> ScrollBar(virtual_size=231, window_size=20, position=0)
WindowChange(WindowView(name='WindowView#2')) >>> ScrollView(name='ScrollView#2')
Enter() >>> Feed(name='Feed#1')
MouseScrollUp() >>> ScrollView(name='ScrollView#2')
MouseScrollUp() >>> ScrollView(name='ScrollView#2')
MouseScrollUp() >>> ScrollView(name='ScrollView#2')
MouseScrollUp() >>> ScrollView(name='ScrollView#2')
MouseScrollUp() >>> ScrollView(name='ScrollView#2')
WindowChange(WindowView(name='WindowView#2')) >>> ScrollView(name='ScrollView#2')
MouseScrollUp() >>> ScrollView(name='ScrollView#2')
MouseScrollUp() >>> ScrollView(name='ScrollView#2')
MouseScrollUp() >>> ScrollView(name='ScrollView#2')
MouseScrollUp() >>> ScrollView(name='ScrollView#2')
MouseScrollUp() >>> ScrollView(name='ScrollView#2')
MouseScrollUp() >>> ScrollView(name='ScrollView#2')
MouseScrollUp() >>> ScrollView(name='ScrollView#2')
MouseScrollUp() >>> ScrollView(name='ScrollView#2')
MouseScrollUp() >>> ScrollView(name='ScrollView#2')
set_focus Feed(name='Feed#1')
MouseDown(x=23, y=4, screen_x=138, screen_y=7, button=1) >>> Feed(name='Feed#1')
MouseUp(x=23, y=4, screen_x=138, screen_y=7, button=1) >>> Feed(name='Feed#1')
Click(x=23, y=4, screen_x=138, screen_y=7, button=1) >>> Feed(name='Feed#1')
Leave() >>> Feed(name='Feed#1')
WindowChange(WindowView(name='WindowView#2')) >>> ScrollView(name='ScrollView#2')
Enter() >>> Feed(name='Feed#1')
WindowChange(WindowView(name='WindowView#2')) >>> ScrollView(name='ScrollView#2')
set_focus Feed(name='Feed#1')
set_focus Feed(name='Feed#1')
MouseDown(x=24, y=6, screen_x=139, screen_y=9, button=1) >>> Feed(name='Feed#1')
MouseUp(x=24, y=6, screen_x=139, screen_y=9, button=1) >>> Feed(name='Feed#1')
Click(x=24, y=6, screen_x=139, screen_y=9, button=1) >>> Feed(name='Feed#1')
MouseDown(x=25, y=11, screen_x=140, screen_y=14, button=1) >>> Feed(name='Feed#1')
MouseUp(x=25, y=11, screen_x=140, screen_y=14, button=1) >>> Feed(name='Feed#1')
Click(x=25, y=11, screen_x=140, screen_y=14, button=1) >>> Feed(name='Feed#1')
Leave() >>> Feed(name='Feed#1')
WindowChange(WindowView(name='WindowView#2')) >>> ScrollView(name='ScrollView#2')
set_focus Static(name='Static#1')
MouseDown(x=111, y=1, screen_y=4, button=1) >>> Static(name='Static#1')
MouseUp(x=111, y=1, screen_y=4, button=1) >>> Static(name='Static#1')
Click(x=111, y=1, screen_y=4, button=1) >>> Static(name='Static#1')
Enter() >>> Feed(name='Feed#1')
WindowChange(WindowView(name='WindowView#2')) >>> ScrollView(name='ScrollView#2')
set_focus Feed(name='Feed#1')
MouseDown(x=18, y=6, screen_x=133, screen_y=9, button=1) >>> Feed(name='Feed#1')
MouseUp(x=18, y=6, screen_x=133, screen_y=9, button=1) >>> Feed(name='Feed#1')
Click(x=18, y=6, screen_x=133, screen_y=9, button=1) >>> Feed(name='Feed#1')
MouseScrollUp() >>> ScrollView(name='ScrollView#2')
MouseScrollUp() >>> ScrollView(name='ScrollView#2')
MouseScrollUp() >>> ScrollView(name='ScrollView#2')
MouseScrollUp() >>> ScrollView(name='ScrollView#2')
MouseScrollUp() >>> ScrollView(name='ScrollView#2')
MouseScrollUp() >>> ScrollView(name='ScrollView#2')
MouseScrollUp() >>> ScrollView(name='ScrollView#2')
MouseScrollUp() >>> ScrollView(name='ScrollView#2')
MouseScrollUp() >>> ScrollView(name='ScrollView#2')
MouseScrollUp() >>> ScrollView(name='ScrollView#2')
MouseScrollUp() >>> ScrollView(name='ScrollView#2')
MouseScrollUp() >>> ScrollView(name='ScrollView#2')
MouseScrollUp() >>> ScrollView(name='ScrollView#2')
MouseScrollUp() >>> ScrollView(name='ScrollView#2')
Leave() >>> Feed(name='Feed#1')
WindowChange(WindowView(name='WindowView#2')) >>> ScrollView(name='ScrollView#2')
WindowChange(WindowView(name='WindowView#1')) >>> ScrollView(name='ScrollView#1')
WindowChange(WindowView(name='WindowView#1')) >>> ScrollView(name='ScrollView#1')
WindowChange(WindowView(name='WindowView#2')) >>> ScrollView(name='ScrollView#2')
WindowChange(WindowView(name='WindowView#1')) >>> ScrollView(name='ScrollView#1')
WindowChange(WindowView(name='WindowView#1')) >>> ScrollView(name='ScrollView#1')
WindowChange(WindowView(name='WindowView#2')) >>> ScrollView(name='ScrollView#2')
Enter() >>> Feed(name='Feed#1')
WindowChange(WindowView(name='WindowView#2')) >>> ScrollView(name='ScrollView#2')
Leave() >>> Feed(name='Feed#1')
WindowChange(WindowView(name='WindowView#2')) >>> ScrollView(name='ScrollView#2')
